<?xml version="1.0" encoding="UTF-8"?>
<!-- Generated by org.testng.reporters.JUnitReportReporter -->
<testsuite skipped="0" hostname="IND-CHN-LT11562" name="testcases.TC011_MyCarZone" tests="1" failures="0" timestamp="2023-08-03T12:17:25 IST" time="62.783" errors="0">
  <testcase name="verifyAlertsPresentInMyCarZone" time="62.783" classname="testcases.TC011_MyCarZone"/>
  <system-out/>
</testsuite> <!-- testcases.TC011_MyCarZone -->
