<?xml version="1.0" encoding="UTF-8"?>
<!-- Generated by org.testng.reporters.JUnitReportReporter -->
<testsuite hostname="HAEI-GDC-025" failures="0" tests="1" name="testcases.TC008_Schedules" time="113.010" errors="0" timestamp="2023-09-28T13:50:06 GMT-05:00" skipped="0">
  <testcase classname="testcases.TC008_Schedules" name="editSecondSchedule" time="113.010"/>
</testsuite> <!-- testcases.TC008_Schedules -->
