<?xml version="1.0" encoding="UTF-8"?>
<!-- Generated by org.testng.reporters.JUnitReportReporter -->
<testsuite hostname="HAEI-GDC2003278" failures="0" tests="22" name="testcases.TC004_MyVehicles" time="1806.725" errors="0" timestamp="2023-12-28T00:15:49 GMT-06:00" skipped="0">
  <testcase classname="testcases.TC004_MyVehicles" name="myVehiclesPickTheVehicle" time="146.293"/>
  <testcase classname="testcases.TC004_MyVehicles" name="myVehiclesClickAddvehicle" time="22.409"/>
  <testcase classname="testcases.TC004_MyVehicles" name="verifyMyVehicleOptions" time="75.934"/>
  <testcase classname="testcases.TC004_MyVehicles" name="verifyNoVechileMatchedForThisSearchPopup" time="70.048"/>
  <testcase classname="testcases.TC004_MyVehicles" name="clickAddVechileButton" time="62.974"/>
  <testcase classname="testcases.TC004_MyVehicles" name="verifyAddVechileButton" time="52.227"/>
  <testcase classname="testcases.TC004_MyVehicles" name="enterVinField" time="62.685"/>
  <testcase classname="testcases.TC004_MyVehicles" name="validateVerifyVinIsDisable" time="66.170"/>
  <testcase classname="testcases.TC004_MyVehicles" name="verifyVinButtonIsEnabled" time="135.422"/>
  <testcase classname="testcases.TC004_MyVehicles" name="enterInvalidVinNumber" time="150.802"/>
  <testcase classname="testcases.TC004_MyVehicles" name="verifyWhereCanIFindVin" time="59.951"/>
  <testcase classname="testcases.TC004_MyVehicles" name="searchByYear" time="50.129"/>
  <testcase classname="testcases.TC004_MyVehicles" name="searchByModel" time="99.805"/>
  <testcase classname="testcases.TC004_MyVehicles" name="searchByNickName" time="46.405"/>
  <testcase classname="testcases.TC004_MyVehicles" name="selectTheCar" time="81.769"/>
  <testcase classname="testcases.TC004_MyVehicles" name="verifyCheckBox" time="110.508"/>
  <testcase classname="testcases.TC004_MyVehicles" name="verifyCancelButton" time="68.396"/>
  <testcase classname="testcases.TC004_MyVehicles" name="verifySettingsButtonIncar" time="210.744"/>
  <testcase classname="testcases.TC004_MyVehicles" name="verifyGridView" time="62.380"/>
  <testcase classname="testcases.TC004_MyVehicles" name="viewVehicleDetailInListView" time="28.621"/>
  <testcase classname="testcases.TC004_MyVehicles" name="verifyMapIcon" time="64.188"/>
  <testcase classname="testcases.TC004_MyVehicles" name="verifyDeleteButtonIsEnabled" time="78.865"/>
</testsuite> <!-- testcases.TC004_MyVehicles -->
