<?xml version="1.0" encoding="UTF-8"?>
<!-- Generated by org.testng.reporters.JUnitReportReporter -->
<testsuite hostname="HAEI-GDC2003278" failures="0" tests="13" name="testcases.TC002_Login" time="380.157" errors="0" timestamp="2023-12-27T23:43:23 GMT-06:00" skipped="1">
  <testcase classname="testcases.TC002_Login" name="verifySignInIsDisplayed" time="7.990"/>
  <testcase classname="testcases.TC002_Login" name="verifyLoginIn" time="20.365"/>
  <testcase classname="testcases.TC002_Login" name="verifyForgotPassword" time="9.142"/>
  <testcase classname="testcases.TC002_Login" name="verifyRememberMecheckbox" time="57.181"/>
  <testcase classname="testcases.TC002_Login" name="verifyLogout" time="50.189"/>
  <testcase classname="testcases.TC002_Login" name="verifyCreateAccountPopup" time="35.033"/>
  <testcase classname="testcases.TC002_Login" name="verifySignInButtonFunctionality" time="10.538"/>
  <testcase classname="testcases.TC002_Login" name="verifyInvalidEmailAndPassword" time="49.929"/>
  <testcase classname="testcases.TC002_Login" name="verifyInvalidEmailAndValidPassword" time="13.694"/>
  <testcase classname="testcases.TC002_Login" name="verifySignInWithoutEnteringEmailAndPassword" time="55.550"/>
  <testcase classname="testcases.TC002_Login" name="verifySignInWithoutEnteringEmailId" time="28.880"/>
  <testcase classname="testcases.TC002_Login" name="verifySignInWithoutEnteringPassword" time="41.666"/>
  <testcase classname="testcases.TC002_Login" name="verifySignInButtonEnabled">
    <skipped/>
  </testcase> <!-- verifySignInButtonEnabled -->
</testsuite> <!-- testcases.TC002_Login -->
