<?xml version="1.0" encoding="UTF-8"?>
<!-- Generated by org.testng.reporters.JUnitReportReporter -->
<testsuite hostname="IND-CHN-LT12926" failures="0" tests="4" name="testcases.TC012_KIAConnectSubscription" time="282.183" errors="0" timestamp="2023-08-21T13:47:21 IST" skipped="0">
  <testcase classname="testcases.TC012_KIAConnectSubscription" name="clickAndVerifyGetKiaConnect" time="73.237"/>
  <testcase classname="testcases.TC012_KIAConnectSubscription" name="clickAndVerifyAccountOverview" time="63.873"/>
  <testcase classname="testcases.TC012_KIAConnectSubscription" name="clickAndVerifyMonthlySubscription" time="68.626"/>
  <testcase classname="testcases.TC012_KIAConnectSubscription" name="clickAndVerifyAnnualSubscription" time="76.447"/>
</testsuite> <!-- testcases.TC012_KIAConnectSubscription -->
