<?xml version="1.0" encoding="UTF-8"?>
<!-- Generated by org.testng.reporters.JUnitReportReporter -->
<testsuite hostname="IND-CHN-LT12926" failures="0" tests="1" name="testcases.TC015_ReferenceMaterial" time="67.424" errors="0" timestamp="2023-08-22T17:34:48 IST" skipped="0">
  <testcase classname="testcases.TC015_ReferenceMaterial" name="verifyListAndGridViewInVideos" time="67.424"/>
</testsuite> <!-- testcases.TC015_ReferenceMaterial -->
