<?xml version="1.0" encoding="UTF-8"?>
<!-- Generated by org.testng.reporters.JUnitReportReporter -->
<testsuite hostname="HAEI-GDC2003278" failures="0" tests="3" name="testcases.TC001_CreateAccount" time="111.622" errors="0" timestamp="2023-12-27T23:36:46 GMT-06:00" skipped="0">
  <testcase classname="testcases.TC001_CreateAccount" name="verifyCreateAccount" time="8.810"/>
  <testcase classname="testcases.TC001_CreateAccount" name="clickTermsOfServiceLink" time="52.590"/>
  <testcase classname="testcases.TC001_CreateAccount" name="clickPrivacyPolicyLink" time="50.222"/>
</testsuite> <!-- testcases.TC001_CreateAccount -->
